Using pre-set license
Built from '2020.3/staging' branch; Version is '2020.3.33f1 (915a7af8b0d5) revision 9525882'; Using compiler version '192528614'; Build Type 'Release'
OS: 'Windows 10  (10.0.19044) 64bit CoreCountrySpecific' Language: 'zh' Physical Memory: 16259 MB
BatchMode: 1, IsHumanControllingUs: 0, StartBugReporterOnCrash: 0, Is64bit: 1, IsPro: 0

COMMAND LINE ARGUMENTS:
D:\Program Files\UnityEditor\2020.3.33f1\Editor\Unity.exe
-adb2
-batchMode
-noUpm
-name
AssetImportWorker1
-projectPath
D:/UnityProject/unity-github/2d-test
-logFile
Logs/AssetImportWorker1.log
-srvPort
55102
Successfully changed project path to: D:/UnityProject/unity-github/2d-test
D:/UnityProject/unity-github/2d-test
Using Asset Import Pipeline V2.
Refreshing native plugins compatible for Editor in 134.16 ms, found 3 plugins.
Preloading 0 native plugins for Editor in 0.00 ms.
Initialize engine version: 2020.3.33f1 (915a7af8b0d5)
[Subsystems] Discovering subsystems at path D:/Program Files/UnityEditor/2020.3.33f1/Editor/Data/Resources/UnitySubsystems
[Subsystems] Discovering subsystems at path D:/UnityProject/unity-github/2d-test/Assets
GfxDevice: creating device client; threaded=0
Direct3D:
    Version:  Direct3D 11.0 [level 11.1]
    Renderer: NVIDIA GeForce GTX 1050 Ti (ID=0x1c8c)
    Vendor:   
    VRAM:     4021 MB
    Driver:   30.0.15.1259
Initialize mono
Mono path[0] = 'D:/Program Files/UnityEditor/2020.3.33f1/Editor/Data/Managed'
Mono path[1] = 'D:/Program Files/UnityEditor/2020.3.33f1/Editor/Data/MonoBleedingEdge/lib/mono/unityjit'
Mono config path = 'D:/Program Files/UnityEditor/2020.3.33f1/Editor/Data/MonoBleedingEdge/etc'
Using monoOptions --debugger-agent=transport=dt_socket,embedding=1,server=y,suspend=n,address=127.0.0.1:56912
Begin MonoManager ReloadAssembly
Registering precompiled unity dll's ...
Register platform support module: D:/Program Files/UnityEditor/2020.3.33f1/Editor/Data/PlaybackEngines/WindowsStandaloneSupport/UnityEditor.WindowsStandalone.Extensions.dll
Registered in 0.001115 seconds.
Native extension for WindowsStandalone target not found
Refreshing native plugins compatible for Editor in 127.20 ms, found 3 plugins.
Preloading 0 native plugins for Editor in 0.00 ms.
Mono: successfully reloaded assembly
- Completed reload, in  0.794 seconds
Domain Reload Profiling:
	ReloadAssembly (794ms)
		BeginReloadAssembly (69ms)
			ExecutionOrderSort (0ms)
			DisableScriptedObjects (0ms)
			BackupInstance (0ms)
			ReleaseScriptingObjects (0ms)
			CreateAndSetChildDomain (1ms)
		EndReloadAssembly (646ms)
			LoadAssemblies (68ms)
			RebuildTransferFunctionScriptingTraits (0ms)
			SetupTypeCache (188ms)
			ReleaseScriptCaches (0ms)
			RebuildScriptCaches (45ms)
			SetupLoadedEditorAssemblies (290ms)
				LogAssemblyErrors (0ms)
				InitializePlatformSupportModulesInManaged (5ms)
				SetLoadedEditorAssemblies (0ms)
				RefreshPlugins (127ms)
				BeforeProcessingInitializeOnLoad (17ms)
				ProcessInitializeOnLoadAttributes (103ms)
				ProcessInitializeOnLoadMethodAttributes (37ms)
				AfterProcessingInitializeOnLoad (0ms)
				EditorAssembliesLoaded (0ms)
			ExecutionOrderSort2 (0ms)
			AwakeInstancesAfterBackupRestoration (0ms)
Platform modules already initialized, skipping
Registering precompiled user dll's ...
Registered in 0.003492 seconds.
Begin MonoManager ReloadAssembly
Symbol file LoadedFromMemory doesn't match image D:\UnityProject\unity-github\2d-test\Library\PackageCache\com.unity.collab-proxy@1.15.15\Lib\Editor\PlasticSCM\unityplastic.dll
Native extension for WindowsStandalone target not found
Refreshing native plugins compatible for Editor in 133.10 ms, found 3 plugins.
Preloading 0 native plugins for Editor in 0.00 ms.
Mono: successfully reloaded assembly
- Completed reload, in  8.560 seconds
Domain Reload Profiling:
	ReloadAssembly (8565ms)
		BeginReloadAssembly (180ms)
			ExecutionOrderSort (0ms)
			DisableScriptedObjects (5ms)
			BackupInstance (0ms)
			ReleaseScriptingObjects (0ms)
			CreateAndSetChildDomain (23ms)
		EndReloadAssembly (8319ms)
			LoadAssemblies (4298ms)
			RebuildTransferFunctionScriptingTraits (0ms)
			SetupTypeCache (1737ms)
			ReleaseScriptCaches (1ms)
			RebuildScriptCaches (93ms)
			SetupLoadedEditorAssemblies (2023ms)
				LogAssemblyErrors (0ms)
				InitializePlatformSupportModulesInManaged (4ms)
				SetLoadedEditorAssemblies (0ms)
				RefreshPlugins (133ms)
				BeforeProcessingInitializeOnLoad (127ms)
				ProcessInitializeOnLoadAttributes (558ms)
				ProcessInitializeOnLoadMethodAttributes (1197ms)
				AfterProcessingInitializeOnLoad (3ms)
				EditorAssembliesLoaded (0ms)
			ExecutionOrderSort2 (0ms)
			AwakeInstancesAfterBackupRestoration (10ms)
Platform modules already initialized, skipping
========================================================================
Worker process is ready to serve import requests
Launched and connected shader compiler UnityShaderCompiler.exe after 0.27 seconds
Refreshing native plugins compatible for Editor in 1.73 ms, found 3 plugins.
Preloading 0 native plugins for Editor in 0.00 ms.
Unloading 3394 Unused Serialized files (Serialized files now loaded: 0)
System memory in use before: 147.7 MB.
System memory in use after: 147.9 MB.

Unloading 26 unused Assets to reduce memory usage. Loaded Objects now: 3830.
Total: 3.979800 ms (FindLiveObjects: 0.266200 ms CreateObjectMapping: 0.209500 ms MarkObjects: 3.420000 ms  DeleteObjects: 0.083000 ms)

AssetImportParameters requested are different than current active one (requested -> active):
  custom:framework-win-MediaFoundation: 216162199b28c13a410421893ffa2e32 -> 
  custom:video-decoder-ogg-theora: a1e56fd34408186e4bbccfd4996cb3dc -> 
  custom:container-muxer-webm: aa71ff27fc2769a1b78a27578f13a17b -> 
  custom:container-demuxer-webm: 4f35f7cbe854078d1ac9338744f61a02 -> 
  custom:container-demuxer-ogg: 62fdf1f143b41e24485cea50d1cbac27 -> 
  custom:video-encoder-webm-vp8: eb34c28f22e8b96e1ab97ce403110664 -> 
  custom:video-decoder-webm-vp8: 9c59270c3fd7afecdb556c50c9e8de78 -> 
  custom:audio-decoder-ogg-vorbis: bf7c407c2cedff20999df2af8eb42d56 -> 
  custom:audio-encoder-webm-vorbis: bf7c407c2cedff20999df2af8eb42d56 -> 
========================================================================
Received Import Request.
  path: Assets/HomeResources/Drops/BathRoom/14_Basement_32x32.png
  artifactKey: Guid(ceadf25053b81a143b8c2b9e793d3a2d) Importer(815301076,1909f56bfc062723c751e8b465ee728b)
Start importing Assets/HomeResources/Drops/BathRoom/14_Basement_32x32.png using Guid(ceadf25053b81a143b8c2b9e793d3a2d) Importer(815301076,1909f56bfc062723c751e8b465ee728b)  -> (artifact id: '7d536695ad0bab2ca07f3eb95ec891d2') in 1.279228 seconds 
========================================================================
Received Prepare
Registering precompiled user dll's ...
Registered in 0.003426 seconds.
Begin MonoManager ReloadAssembly
Symbol file LoadedFromMemory doesn't match image D:\UnityProject\unity-github\2d-test\Library\PackageCache\com.unity.collab-proxy@1.15.15\Lib\Editor\PlasticSCM\unityplastic.dll
Native extension for WindowsStandalone target not found
Refreshing native plugins compatible for Editor in 1.62 ms, found 3 plugins.
Preloading 0 native plugins for Editor in 0.00 ms.
Mono: successfully reloaded assembly
- Completed reload, in  1.393 seconds
Domain Reload Profiling:
	ReloadAssembly (1394ms)
		BeginReloadAssembly (174ms)
			ExecutionOrderSort (0ms)
			DisableScriptedObjects (10ms)
			BackupInstance (0ms)
			ReleaseScriptingObjects (0ms)
			CreateAndSetChildDomain (58ms)
		EndReloadAssembly (1151ms)
			LoadAssemblies (138ms)
			RebuildTransferFunctionScriptingTraits (0ms)
			SetupTypeCache (401ms)
			ReleaseScriptCaches (2ms)
			RebuildScriptCaches (70ms)
			SetupLoadedEditorAssemblies (415ms)
				LogAssemblyErrors (0ms)
				InitializePlatformSupportModulesInManaged (5ms)
				SetLoadedEditorAssemblies (1ms)
				RefreshPlugins (2ms)
				BeforeProcessingInitializeOnLoad (143ms)
				ProcessInitializeOnLoadAttributes (246ms)
				ProcessInitializeOnLoadMethodAttributes (15ms)
				AfterProcessingInitializeOnLoad (3ms)
				EditorAssembliesLoaded (0ms)
			ExecutionOrderSort2 (0ms)
			AwakeInstancesAfterBackupRestoration (18ms)
Platform modules already initialized, skipping
Refreshing native plugins compatible for Editor in 1.05 ms, found 3 plugins.
Preloading 0 native plugins for Editor in 0.00 ms.
Unloading 3276 Unused Serialized files (Serialized files now loaded: 0)
System memory in use before: 143.0 MB.
System memory in use after: 143.2 MB.

Unloading 15 unused Assets to reduce memory usage. Loaded Objects now: 4014.
Total: 4.935700 ms (FindLiveObjects: 0.645500 ms CreateObjectMapping: 0.474500 ms MarkObjects: 3.740300 ms  DeleteObjects: 0.074300 ms)

AssetImportParameters requested are different than current active one (requested -> active):
  custom:framework-win-MediaFoundation: 216162199b28c13a410421893ffa2e32 -> 
  custom:video-decoder-ogg-theora: a1e56fd34408186e4bbccfd4996cb3dc -> 
  custom:container-muxer-webm: aa71ff27fc2769a1b78a27578f13a17b -> 
  custom:container-demuxer-webm: 4f35f7cbe854078d1ac9338744f61a02 -> 
  custom:container-demuxer-ogg: 62fdf1f143b41e24485cea50d1cbac27 -> 
  custom:video-encoder-webm-vp8: eb34c28f22e8b96e1ab97ce403110664 -> 
  custom:video-decoder-webm-vp8: 9c59270c3fd7afecdb556c50c9e8de78 -> 
  custom:audio-decoder-ogg-vorbis: bf7c407c2cedff20999df2af8eb42d56 -> 
  custom:audio-encoder-webm-vorbis: bf7c407c2cedff20999df2af8eb42d56 -> 
========================================================================
Received Import Request.
  Time since last request: 1494.256030 seconds.
  path: Assets/HomeResources/Drops/BathRoom/14_Basement_32x32.png
  artifactKey: Guid(ceadf25053b81a143b8c2b9e793d3a2d) Importer(815301076,1909f56bfc062723c751e8b465ee728b)
Start importing Assets/HomeResources/Drops/BathRoom/14_Basement_32x32.png using Guid(ceadf25053b81a143b8c2b9e793d3a2d) Importer(815301076,1909f56bfc062723c751e8b465ee728b)  -> (artifact id: 'cd687d306823481894ff5c1d2da9ed51') in 0.855131 seconds 
========================================================================
Received Import Request.
  Time since last request: 102.762160 seconds.
  path: Assets/HomeResources/Drops/BathRoom/14_Basement_32x32.png
  artifactKey: Guid(ceadf25053b81a143b8c2b9e793d3a2d) Importer(815301076,1909f56bfc062723c751e8b465ee728b)
Start importing Assets/HomeResources/Drops/BathRoom/14_Basement_32x32.png using Guid(ceadf25053b81a143b8c2b9e793d3a2d) Importer(815301076,1909f56bfc062723c751e8b465ee728b)  -> (artifact id: 'dc18b07b683dbeda27c8d1109901be70') in 0.794569 seconds 
========================================================================
Received Import Request.
  Time since last request: 136.336192 seconds.
  path: Assets/HomeResources/Drops/BathRoom/14_Basement_32x32.png
  artifactKey: Guid(ceadf25053b81a143b8c2b9e793d3a2d) Importer(815301076,1909f56bfc062723c751e8b465ee728b)
Start importing Assets/HomeResources/Drops/BathRoom/14_Basement_32x32.png using Guid(ceadf25053b81a143b8c2b9e793d3a2d) Importer(815301076,1909f56bfc062723c751e8b465ee728b)  -> (artifact id: '3041c25d0c7e23e88315cdd5e1b33c67') in 0.794307 seconds 
========================================================================
Received Import Request.
  Time since last request: 118.267911 seconds.
  path: Assets/HomeResources/Drops/BathRoom/14_Basement_32x32.png
  artifactKey: Guid(ceadf25053b81a143b8c2b9e793d3a2d) Importer(815301076,1909f56bfc062723c751e8b465ee728b)
Start importing Assets/HomeResources/Drops/BathRoom/14_Basement_32x32.png using Guid(ceadf25053b81a143b8c2b9e793d3a2d) Importer(815301076,1909f56bfc062723c751e8b465ee728b)  -> (artifact id: 'beb5774e0ac135760e4dd7e7621db739') in 0.777683 seconds 
========================================================================
Received Import Request.
  Time since last request: 18.466839 seconds.
  path: Assets/HomeResources/Drops/BathRoom/14_Basement_32x32.png
  artifactKey: Guid(ceadf25053b81a143b8c2b9e793d3a2d) Importer(815301076,1909f56bfc062723c751e8b465ee728b)
Start importing Assets/HomeResources/Drops/BathRoom/14_Basement_32x32.png using Guid(ceadf25053b81a143b8c2b9e793d3a2d) Importer(815301076,1909f56bfc062723c751e8b465ee728b)  -> (artifact id: 'd47452388a640dc4c398d7835b761b96') in 0.765172 seconds 
========================================================================
Received Import Request.
  Time since last request: 142.396619 seconds.
  path: Assets/HomeResources/Drops/BathRoom/14_Basement_32x32.png
  artifactKey: Guid(ceadf25053b81a143b8c2b9e793d3a2d) Importer(815301076,1909f56bfc062723c751e8b465ee728b)
Start importing Assets/HomeResources/Drops/BathRoom/14_Basement_32x32.png using Guid(ceadf25053b81a143b8c2b9e793d3a2d) Importer(815301076,1909f56bfc062723c751e8b465ee728b)  -> (artifact id: '13136502f116c1290ddd05a22d6b9795') in 0.793265 seconds 
========================================================================
Received Import Request.
  Time since last request: 416.384110 seconds.
  path: Assets/HomeResources/Drops/BathRoom/14_Basement_32x32.png
  artifactKey: Guid(ceadf25053b81a143b8c2b9e793d3a2d) Importer(815301076,1909f56bfc062723c751e8b465ee728b)
Start importing Assets/HomeResources/Drops/BathRoom/14_Basement_32x32.png using Guid(ceadf25053b81a143b8c2b9e793d3a2d) Importer(815301076,1909f56bfc062723c751e8b465ee728b)  -> (artifact id: 'c18a100eb0f4beb63fa1861b99d2bd69') in 0.867936 seconds 
========================================================================
Received Import Request.
  Time since last request: 378.506887 seconds.
  path: Assets/HomeResources/Drops/BathRoom/14_Basement_32x32.png
  artifactKey: Guid(ceadf25053b81a143b8c2b9e793d3a2d) Importer(815301076,1909f56bfc062723c751e8b465ee728b)
Start importing Assets/HomeResources/Drops/BathRoom/14_Basement_32x32.png using Guid(ceadf25053b81a143b8c2b9e793d3a2d) Importer(815301076,1909f56bfc062723c751e8b465ee728b)  -> (artifact id: '699d8e7d051673c858b696c7b32d355f') in 0.789251 seconds 
========================================================================
Received Import Request.
  Time since last request: 128.921848 seconds.
  path: Assets/HomeResources/Drops/BathRoom/14_Basement_32x32.png
  artifactKey: Guid(ceadf25053b81a143b8c2b9e793d3a2d) Importer(815301076,1909f56bfc062723c751e8b465ee728b)
Start importing Assets/HomeResources/Drops/BathRoom/14_Basement_32x32.png using Guid(ceadf25053b81a143b8c2b9e793d3a2d) Importer(815301076,1909f56bfc062723c751e8b465ee728b)  -> (artifact id: '8c085d0de16b17c5d5d25de3e4a56b22') in 0.843184 seconds 
========================================================================
Received Import Request.
  Time since last request: 28.093052 seconds.
  path: Assets/HomeResources/Drops/BathRoom/14_Basement_32x32.png
  artifactKey: Guid(ceadf25053b81a143b8c2b9e793d3a2d) Importer(815301076,1909f56bfc062723c751e8b465ee728b)
Start importing Assets/HomeResources/Drops/BathRoom/14_Basement_32x32.png using Guid(ceadf25053b81a143b8c2b9e793d3a2d) Importer(815301076,1909f56bfc062723c751e8b465ee728b)  -> (artifact id: '0239114a825a41e623e5f35780577868') in 0.810508 seconds 
========================================================================
Received Import Request.
  Time since last request: 355.125446 seconds.
  path: Assets/HomeResources/Drops/BathRoom/14_Basement_32x32.png
  artifactKey: Guid(ceadf25053b81a143b8c2b9e793d3a2d) Importer(815301076,1909f56bfc062723c751e8b465ee728b)
Start importing Assets/HomeResources/Drops/BathRoom/14_Basement_32x32.png using Guid(ceadf25053b81a143b8c2b9e793d3a2d) Importer(815301076,1909f56bfc062723c751e8b465ee728b)  -> (artifact id: 'd125a38271a9b7e94405e94e305991ee') in 0.722586 seconds 
========================================================================
Received Import Request.
  Time since last request: 66.347995 seconds.
  path: Assets/HomeResources/Drops/BathRoom/14_Basement_32x32.png
  artifactKey: Guid(ceadf25053b81a143b8c2b9e793d3a2d) Importer(815301076,1909f56bfc062723c751e8b465ee728b)
Start importing Assets/HomeResources/Drops/BathRoom/14_Basement_32x32.png using Guid(ceadf25053b81a143b8c2b9e793d3a2d) Importer(815301076,1909f56bfc062723c751e8b465ee728b)  -> (artifact id: 'd2663e4f88cafcf6f923143dc522c802') in 0.797689 seconds 
========================================================================
Received Import Request.
  Time since last request: 48.387411 seconds.
  path: Assets/HomeResources/Drops/BathRoom/14_Basement_32x32.png
  artifactKey: Guid(ceadf25053b81a143b8c2b9e793d3a2d) Importer(815301076,1909f56bfc062723c751e8b465ee728b)
Start importing Assets/HomeResources/Drops/BathRoom/14_Basement_32x32.png using Guid(ceadf25053b81a143b8c2b9e793d3a2d) Importer(815301076,1909f56bfc062723c751e8b465ee728b)  -> (artifact id: '4176fc9c0768212e3e68ce52b0b0c958') in 0.811048 seconds 
========================================================================
Received Import Request.
  Time since last request: 5.250181 seconds.
  path: Assets/HomeResources/Drops/BathRoom/14_Basement_32x32.png
  artifactKey: Guid(ceadf25053b81a143b8c2b9e793d3a2d) Importer(815301076,1909f56bfc062723c751e8b465ee728b)
Start importing Assets/HomeResources/Drops/BathRoom/14_Basement_32x32.png using Guid(ceadf25053b81a143b8c2b9e793d3a2d) Importer(815301076,1909f56bfc062723c751e8b465ee728b)  -> (artifact id: '44a7ac74305a2fa99a7f16c404e7043d') in 1.833693 seconds 
========================================================================
Received Import Request.
  Time since last request: 5.154260 seconds.
  path: Assets/HomeResources/Drops/BathRoom/14_Basement_32x32.png
  artifactKey: Guid(ceadf25053b81a143b8c2b9e793d3a2d) Importer(815301076,1909f56bfc062723c751e8b465ee728b)
Start importing Assets/HomeResources/Drops/BathRoom/14_Basement_32x32.png using Guid(ceadf25053b81a143b8c2b9e793d3a2d) Importer(815301076,1909f56bfc062723c751e8b465ee728b)  -> (artifact id: '7c00e1c075307883573d0c7334e79b12') in 0.848700 seconds 
========================================================================
Received Prepare
Registering precompiled user dll's ...
Registered in 0.003879 seconds.
Begin MonoManager ReloadAssembly
Symbol file LoadedFromMemory doesn't match image D:\UnityProject\unity-github\2d-test\Library\PackageCache\com.unity.collab-proxy@1.15.15\Lib\Editor\PlasticSCM\unityplastic.dll
Native extension for WindowsStandalone target not found
Refreshing native plugins compatible for Editor in 1.15 ms, found 3 plugins.
Preloading 0 native plugins for Editor in 0.00 ms.
Mono: successfully reloaded assembly
- Completed reload, in  1.381 seconds
Domain Reload Profiling:
	ReloadAssembly (1381ms)
		BeginReloadAssembly (137ms)
			ExecutionOrderSort (0ms)
			DisableScriptedObjects (8ms)
			BackupInstance (0ms)
			ReleaseScriptingObjects (0ms)
			CreateAndSetChildDomain (48ms)
		EndReloadAssembly (1178ms)
			LoadAssemblies (116ms)
			RebuildTransferFunctionScriptingTraits (0ms)
			SetupTypeCache (444ms)
			ReleaseScriptCaches (2ms)
			RebuildScriptCaches (74ms)
			SetupLoadedEditorAssemblies (401ms)
				LogAssemblyErrors (0ms)
				InitializePlatformSupportModulesInManaged (5ms)
				SetLoadedEditorAssemblies (1ms)
				RefreshPlugins (1ms)
				BeforeProcessingInitializeOnLoad (137ms)
				ProcessInitializeOnLoadAttributes (237ms)
				ProcessInitializeOnLoadMethodAttributes (17ms)
				AfterProcessingInitializeOnLoad (3ms)
				EditorAssembliesLoaded (0ms)
			ExecutionOrderSort2 (0ms)
			AwakeInstancesAfterBackupRestoration (19ms)
Platform modules already initialized, skipping
Refreshing native plugins compatible for Editor in 1.12 ms, found 3 plugins.
Preloading 0 native plugins for Editor in 0.00 ms.
Unloading 3276 Unused Serialized files (Serialized files now loaded: 0)
System memory in use before: 143.3 MB.
System memory in use after: 143.6 MB.

Unloading 15 unused Assets to reduce memory usage. Loaded Objects now: 4084.
Total: 4.851200 ms (FindLiveObjects: 0.337000 ms CreateObjectMapping: 0.262600 ms MarkObjects: 4.223900 ms  DeleteObjects: 0.026900 ms)

AssetImportParameters requested are different than current active one (requested -> active):
  custom:framework-win-MediaFoundation: 216162199b28c13a410421893ffa2e32 -> 
  custom:video-decoder-ogg-theora: a1e56fd34408186e4bbccfd4996cb3dc -> 
  custom:container-muxer-webm: aa71ff27fc2769a1b78a27578f13a17b -> 
  custom:container-demuxer-webm: 4f35f7cbe854078d1ac9338744f61a02 -> 
  custom:container-demuxer-ogg: 62fdf1f143b41e24485cea50d1cbac27 -> 
  custom:video-encoder-webm-vp8: eb34c28f22e8b96e1ab97ce403110664 -> 
  custom:video-decoder-webm-vp8: 9c59270c3fd7afecdb556c50c9e8de78 -> 
  custom:audio-decoder-ogg-vorbis: bf7c407c2cedff20999df2af8eb42d56 -> 
  custom:audio-encoder-webm-vorbis: bf7c407c2cedff20999df2af8eb42d56 -> 
AssetImportWorkerClient::OnTransportError - code=2 error=End of file
